{"C:\\Users\\YongHu\\Documents\\GitHub\\react_CICD\\src\\App.css": {"path":"C:\\Users\\YongHu\\Documents\\GitHub\\react_CICD\\src\\App.css","statementMap":{},"fnMap":{},"branchMap":{},"s":{},"f":{},"b":{},"meta":{"lastBranch":0,"lastFunction":0,"lastStatement":0,"seen":{}}}
,"C:\\Users\\YongHu\\Documents\\GitHub\\react_CICD\\src\\App.tsx": {"path":"C:\\Users\\YongHu\\Documents\\GitHub\\react_CICD\\src\\App.tsx","statementMap":{"0":{"start":{"line":7,"column":16},"end":{"line":7,"column":39}},"1":{"start":{"line":9,"column":8},"end":{"line":10,"column":null}},"2":{"start":{"line":10,"column":4},"end":{"line":10,"column":null}},"3":{"start":{"line":10,"column":24},"end":{"line":10,"column":34}},"4":{"start":{"line":13,"column":2},"end":{"line":35,"column":null}}},"fnMap":{"0":{"name":"App","decl":{"start":{"line":6,"column":9},"end":{"line":6,"column":15}},"loc":{"start":{"line":6,"column":15},"end":{"line":35,"column":null}},"line":6},"1":{"name":"(anonymous_1)","decl":{"start":{"line":9,"column":8},"end":{"line":9,"column":34}},"loc":{"start":{"line":9,"column":34},"end":{"line":10,"column":null}},"line":9},"2":{"name":"(anonymous_2)","decl":{"start":{"line":10,"column":4},"end":{"line":10,"column":14}},"loc":{"start":{"line":10,"column":24},"end":{"line":10,"column":34}},"line":10}},"branchMap":{},"s":{"0":6,"1":6,"2":2,"3":2,"4":6},"f":{"0":6,"1":2,"2":2},"b":{},"meta":{"lastBranch":0,"lastFunction":3,"lastStatement":5,"seen":{"f:6:9:6:15":0,"s:7:16:7:39":0,"s:9:8:10:Infinity":1,"f:9:8:9:34":1,"s:10:4:10:Infinity":2,"f:10:4:10:14":2,"s:10:24:10:34":3,"s:13:2:35:Infinity":4}}}
}
